{"message":"struct `Sequential` is private","code":{"code":"E0603","explanation":"A private item was used outside its scope.\n\nErroneous code example:\n\n```compile_fail,E0603\nmod foo {\n    const PRIVATE: u32 = 0x_a_bad_1dea_u32; // This const is private, so we\n                                            // can't use it outside of the\n                                            // `foo` module.\n}\n\nprintln!(\"const value: {}\", foo::PRIVATE); // error: constant `PRIVATE`\n                                                  //        is private\n```\n\nIn order to fix this error, you need to make the item public by using the `pub`\nkeyword. Example:\n\n```\nmod foo {\n    pub const PRIVATE: u32 = 0x_a_bad_1dea_u32; // We set it public by using the\n                                                // `pub` keyword.\n}\n\nprintln!(\"const value: {}\", foo::PRIVATE); // ok!\n```\n"},"level":"error","spans":[{"file_name":"tests/test_importexport.rs","byte_start":2167,"byte_end":2177,"line_start":57,"line_end":57,"column_start":40,"column_end":50,"is_primary":true,"text":[{"text":"    let model = candlelighter::models::Sequential::new(varmap, layers);","highlight_start":40,"highlight_end":50}],"label":"private struct","suggested_replacement":null,"suggestion_applicability":null,"expansion":null}],"children":[{"message":"the struct `Sequential` is defined here","code":null,"level":"note","spans":[{"file_name":"/Users/dirkbangel/Development/Lighter/lib/models.rs","byte_start":23,"byte_end":37,"line_start":4,"line_end":4,"column_start":5,"column_end":19,"is_primary":true,"text":[{"text":"use crate::prelude::*;","highlight_start":5,"highlight_end":19}],"label":null,"suggested_replacement":null,"suggestion_applicability":null,"expansion":null}],"children":[],"rendered":null},{"message":"consider importing one of these items instead","code":null,"level":"help","spans":[{"file_name":"tests/test_importexport.rs","byte_start":2144,"byte_end":2177,"line_start":57,"line_end":57,"column_start":17,"column_end":50,"is_primary":true,"text":[{"text":"    let model = candlelighter::models::Sequential::new(varmap, layers);","highlight_start":17,"highlight_end":50}],"label":null,"suggested_replacement":"candle_nn::Sequential","suggestion_applicability":"MaybeIncorrect","expansion":null},{"file_name":"tests/test_importexport.rs","byte_start":2144,"byte_end":2177,"line_start":57,"line_end":57,"column_start":17,"column_end":50,"is_primary":true,"text":[{"text":"    let model = candlelighter::models::Sequential::new(varmap, layers);","highlight_start":17,"highlight_end":50}],"label":null,"suggested_replacement":"candlelighter::layer::flatten::Sequential","suggestion_applicability":"MaybeIncorrect","expansion":null},{"file_name":"tests/test_importexport.rs","byte_start":2144,"byte_end":2177,"line_start":57,"line_end":57,"column_start":17,"column_end":50,"is_primary":true,"text":[{"text":"    let model = candlelighter::models::Sequential::new(varmap, layers);","highlight_start":17,"highlight_end":50}],"label":null,"suggested_replacement":"crate::flatten::Sequential","suggestion_applicability":"MaybeIncorrect","expansion":null}],"children":[],"rendered":null}],"rendered":"\u001b[0m\u001b[1m\u001b[38;5;9merror[E0603]\u001b[0m\u001b[0m\u001b[1m: struct `Sequential` is private\u001b[0m\n\u001b[0m  \u001b[0m\u001b[0m\u001b[1m\u001b[38;5;12m--> \u001b[0m\u001b[0mtests/test_importexport.rs:57:40\u001b[0m\n\u001b[0m   \u001b[0m\u001b[0m\u001b[1m\u001b[38;5;12m|\u001b[0m\n\u001b[0m\u001b[1m\u001b[38;5;12m57\u001b[0m\u001b[0m \u001b[0m\u001b[0m\u001b[1m\u001b[38;5;12m|\u001b[0m\u001b[0m \u001b[0m\u001b[0m    let model = candlelighter::models::Sequential::new(varmap, layers);\u001b[0m\n\u001b[0m   \u001b[0m\u001b[0m\u001b[1m\u001b[38;5;12m| \u001b[0m\u001b[0m                                       \u001b[0m\u001b[0m\u001b[1m\u001b[38;5;9m^^^^^^^^^^\u001b[0m\u001b[0m \u001b[0m\u001b[0m\u001b[1m\u001b[38;5;9mprivate struct\u001b[0m\n\u001b[0m   \u001b[0m\u001b[0m\u001b[1m\u001b[38;5;12m|\u001b[0m\n\u001b[0m\u001b[1m\u001b[38;5;10mnote\u001b[0m\u001b[0m: the struct `Sequential` is defined here\u001b[0m\n\u001b[0m  \u001b[0m\u001b[0m\u001b[1m\u001b[38;5;12m--> \u001b[0m\u001b[0m/Users/dirkbangel/Development/Lighter/lib/models.rs:4:5\u001b[0m\n\u001b[0m   \u001b[0m\u001b[0m\u001b[1m\u001b[38;5;12m|\u001b[0m\n\u001b[0m\u001b[1m\u001b[38;5;12m4\u001b[0m\u001b[0m  \u001b[0m\u001b[0m\u001b[1m\u001b[38;5;12m|\u001b[0m\u001b[0m \u001b[0m\u001b[0muse crate::prelude::*;\u001b[0m\n\u001b[0m   \u001b[0m\u001b[0m\u001b[1m\u001b[38;5;12m| \u001b[0m\u001b[0m    \u001b[0m\u001b[0m\u001b[1m\u001b[38;5;10m^^^^^^^^^^^^^^\u001b[0m\n\u001b[0m\u001b[1m\u001b[38;5;14mhelp\u001b[0m\u001b[0m: consider importing one of these items instead\u001b[0m\n\u001b[0m   \u001b[0m\u001b[0m\u001b[1m\u001b[38;5;12m|\u001b[0m\n\u001b[0m\u001b[1m\u001b[38;5;12m57\u001b[0m\u001b[0m \u001b[0m\u001b[0m\u001b[1m\u001b[38;5;12m| \u001b[0m\u001b[0m    let model = \u001b[0m\u001b[0m\u001b[38;5;10mcandle_nn::Sequential\u001b[0m\u001b[0m::new(varmap, layers);\u001b[0m\n\u001b[0m   \u001b[0m\u001b[0m\u001b[1m\u001b[38;5;12m|\u001b[0m\u001b[0m                 \u001b[0m\u001b[0m\u001b[38;5;10m~~~~~~~~~~~~~~~~~~~~~\u001b[0m\n\u001b[0m\u001b[1m\u001b[38;5;12m57\u001b[0m\u001b[0m \u001b[0m\u001b[0m\u001b[1m\u001b[38;5;12m| \u001b[0m\u001b[0m    let model = \u001b[0m\u001b[0m\u001b[38;5;10mcandlelighter::layer::flatten::Sequential\u001b[0m\u001b[0m::new(varmap, layers);\u001b[0m\n\u001b[0m   \u001b[0m\u001b[0m\u001b[1m\u001b[38;5;12m|\u001b[0m\u001b[0m                 \u001b[0m\u001b[0m\u001b[38;5;10m~~~~~~~~~~~~~~~~~~~~~~~~~~~~~~~~~~~~~~~~~\u001b[0m\n\u001b[0m\u001b[1m\u001b[38;5;12m57\u001b[0m\u001b[0m \u001b[0m\u001b[0m\u001b[1m\u001b[38;5;12m| \u001b[0m\u001b[0m    let model = \u001b[0m\u001b[0m\u001b[38;5;10mcrate::flatten::Sequential\u001b[0m\u001b[0m::new(varmap, layers);\u001b[0m\n\u001b[0m   \u001b[0m\u001b[0m\u001b[1m\u001b[38;5;12m|\u001b[0m\u001b[0m                 \u001b[0m\u001b[0m\u001b[38;5;10m~~~~~~~~~~~~~~~~~~~~~~~~~~\u001b[0m\n\n"}
{"message":"no function or associated item named `new` found for struct `candlelighter::prelude::Sequential` in the current scope","code":{"code":"E0599","explanation":"This error occurs when a method is used on a type which doesn't implement it:\n\nErroneous code example:\n\n```compile_fail,E0599\nstruct Mouth;\n\nlet x = Mouth;\nx.chocolate(); // error: no method named `chocolate` found for type `Mouth`\n               //        in the current scope\n```\n\nIn this case, you need to implement the `chocolate` method to fix the error:\n\n```\nstruct Mouth;\n\nimpl Mouth {\n    fn chocolate(&self) { // We implement the `chocolate` method here.\n        println!(\"Hmmm! I love chocolate!\");\n    }\n}\n\nlet x = Mouth;\nx.chocolate(); // ok!\n```\n"},"level":"error","spans":[{"file_name":"tests/test_importexport.rs","byte_start":932,"byte_end":935,"line_start":24,"line_end":24,"column_start":29,"column_end":32,"is_primary":true,"text":[{"text":"    let model = Sequential::new(varmap, layers);","highlight_start":29,"highlight_end":32}],"label":"function or associated item not found in `Sequential`","suggested_replacement":null,"suggestion_applicability":null,"expansion":null}],"children":[],"rendered":"\u001b[0m\u001b[1m\u001b[38;5;9merror[E0599]\u001b[0m\u001b[0m\u001b[1m: no function or associated item named `new` found for struct `candlelighter::prelude::Sequential` in the current scope\u001b[0m\n\u001b[0m  \u001b[0m\u001b[0m\u001b[1m\u001b[38;5;12m--> \u001b[0m\u001b[0mtests/test_importexport.rs:24:29\u001b[0m\n\u001b[0m   \u001b[0m\u001b[0m\u001b[1m\u001b[38;5;12m|\u001b[0m\n\u001b[0m\u001b[1m\u001b[38;5;12m24\u001b[0m\u001b[0m \u001b[0m\u001b[0m\u001b[1m\u001b[38;5;12m|\u001b[0m\u001b[0m \u001b[0m\u001b[0m    let model = Sequential::new(varmap, layers);\u001b[0m\n\u001b[0m   \u001b[0m\u001b[0m\u001b[1m\u001b[38;5;12m| \u001b[0m\u001b[0m                            \u001b[0m\u001b[0m\u001b[1m\u001b[38;5;9m^^^\u001b[0m\u001b[0m \u001b[0m\u001b[0m\u001b[1m\u001b[38;5;9mfunction or associated item not found in `Sequential`\u001b[0m\n\n"}
{"message":"no function or associated item named `new` found for struct `candlelighter::prelude::Sequential` in the current scope","code":{"code":"E0599","explanation":"This error occurs when a method is used on a type which doesn't implement it:\n\nErroneous code example:\n\n```compile_fail,E0599\nstruct Mouth;\n\nlet x = Mouth;\nx.chocolate(); // error: no method named `chocolate` found for type `Mouth`\n               //        in the current scope\n```\n\nIn this case, you need to implement the `chocolate` method to fix the error:\n\n```\nstruct Mouth;\n\nimpl Mouth {\n    fn chocolate(&self) { // We implement the `chocolate` method here.\n        println!(\"Hmmm! I love chocolate!\");\n    }\n}\n\nlet x = Mouth;\nx.chocolate(); // ok!\n```\n"},"level":"error","spans":[{"file_name":"tests/test_importexport.rs","byte_start":2179,"byte_end":2182,"line_start":57,"line_end":57,"column_start":52,"column_end":55,"is_primary":true,"text":[{"text":"    let model = candlelighter::models::Sequential::new(varmap, layers);","highlight_start":52,"highlight_end":55}],"label":"function or associated item not found in `Sequential`","suggested_replacement":null,"suggestion_applicability":null,"expansion":null}],"children":[],"rendered":"\u001b[0m\u001b[1m\u001b[38;5;9merror[E0599]\u001b[0m\u001b[0m\u001b[1m: no function or associated item named `new` found for struct `candlelighter::prelude::Sequential` in the current scope\u001b[0m\n\u001b[0m  \u001b[0m\u001b[0m\u001b[1m\u001b[38;5;12m--> \u001b[0m\u001b[0mtests/test_importexport.rs:57:52\u001b[0m\n\u001b[0m   \u001b[0m\u001b[0m\u001b[1m\u001b[38;5;12m|\u001b[0m\n\u001b[0m\u001b[1m\u001b[38;5;12m57\u001b[0m\u001b[0m \u001b[0m\u001b[0m\u001b[1m\u001b[38;5;12m|\u001b[0m\u001b[0m \u001b[0m\u001b[0m    let model = candlelighter::models::Sequential::new(varmap, layers);\u001b[0m\n\u001b[0m   \u001b[0m\u001b[0m\u001b[1m\u001b[38;5;12m| \u001b[0m\u001b[0m                                                   \u001b[0m\u001b[0m\u001b[1m\u001b[38;5;9m^^^\u001b[0m\u001b[0m \u001b[0m\u001b[0m\u001b[1m\u001b[38;5;9mfunction or associated item not found in `Sequential`\u001b[0m\n\n"}
{"message":"aborting due to 3 previous errors","code":null,"level":"error","spans":[],"children":[],"rendered":"\u001b[0m\u001b[1m\u001b[38;5;9merror\u001b[0m\u001b[0m\u001b[1m: aborting due to 3 previous errors\u001b[0m\n\n"}
{"message":"Some errors have detailed explanations: E0599, E0603.","code":null,"level":"failure-note","spans":[],"children":[],"rendered":"\u001b[0m\u001b[1mSome errors have detailed explanations: E0599, E0603.\u001b[0m\n"}
{"message":"For more information about an error, try `rustc --explain E0599`.","code":null,"level":"failure-note","spans":[],"children":[],"rendered":"\u001b[0m\u001b[1mFor more information about an error, try `rustc --explain E0599`.\u001b[0m\n"}
